# JRE version: OpenJDK Runtime Environment Temurin-17.0.9+9 (17.0.9+9) (build 17.0.9+9)
# Java VM: OpenJDK 64-Bit Server VM Temurin-17.0.9+9 (17.0.9+9, mixed mode, tiered, compressed oops, compressed class ptrs, g1 gc, windows-amd64)
GC Precious Log:
 CPUs: 4 total, 4 available
 Memory: 3995M
 Large Page Support: Disabled
 NUMA Support: Disabled
 Compressed Oops: Enabled (32-bit)
 Heap Region Size: 1M
 Heap Min Capacity: 8M
 Heap Initial Capacity: 64M
 Heap Max Capacity: 1000M
 Pre-touch: Disabled
 Parallel Workers: 4
 Concurrent Workers: 1
 Concurrent Refinement Workers: 4
 Periodic GC: Disabled
Heap:
 garbage-first heap   total 65536K, used 38285K [0x00000000c1800000, 0x0000000100000000)
  region size 1024K, 19 young (19456K), 1 survivors (1024K)
 Metaspace       used 31496K, committed 31808K, reserved 1114112K
  class space    used 3564K, committed 3712K, reserved 1048576K
GC Heap History (12 events):
Event: 1.771 GC heap before
{Heap before GC invocations=0 (full 0):
 garbage-first heap   total 65536K, used 14336K [0x00000000c1800000, 0x0000000100000000)
  region size 1024K, 13 young (13312K), 0 survivors (0K)
 Metaspace       used 7615K, committed 7744K, reserved 1114112K
  class space    used 645K, committed 704K, reserved 1048576K
}
Event: 1.782 GC heap after
{Heap after GC invocations=1 (full 0):
 garbage-first heap   total 65536K, used 9400K [0x00000000c1800000, 0x0000000100000000)
  region size 1024K, 2 young (2048K), 2 survivors (2048K)
 Metaspace       used 7615K, committed 7744K, reserved 1114112K
  class space    used 645K, committed 704K, reserved 1048576K
}
Event: 2.859 GC heap before
{Heap before GC invocations=1 (full 0):
 garbage-first heap   total 65536K, used 17592K [0x00000000c1800000, 0x0000000100000000)
  region size 1024K, 10 young (10240K), 2 survivors (2048K)
 Metaspace       used 13068K, committed 13248K, reserved 1114112K
  class space    used 1255K, committed 1344K, reserved 1048576K
}
Event: 2.863 GC heap after
{Heap after GC invocations=2 (full 0):
 garbage-first heap   total 65536K, used 10432K [0x00000000c1800000, 0x0000000100000000)
  region size 1024K, 2 young (2048K), 2 survivors (2048K)
 Metaspace       used 13068K, committed 13248K, reserved 1114112K
  class space    used 1255K, committed 1344K, reserved 1048576K
}
Event: 3.730 GC heap before
{Heap before GC invocations=2 (full 0):
 garbage-first heap   total 65536K, used 28864K [0x00000000c1800000, 0x0000000100000000)
  region size 1024K, 20 young (20480K), 2 survivors (2048K)
 Metaspace       used 19127K, committed 19392K, reserved 1114112K
  class space    used 1928K, committed 2048K, reserved 1048576K
}
Event: 3.737 GC heap after
{Heap after GC invocations=3 (full 0):
 garbage-first heap   total 65536K, used 12807K [0x00000000c1800000, 0x0000000100000000)
  region size 1024K, 3 young (3072K), 3 survivors (3072K)
 Metaspace       used 19127K, committed 19392K, reserved 1114112K
  class space    used 1928K, committed 2048K, reserved 1048576K
}
Event: 4.367 GC heap before
{Heap before GC invocations=3 (full 0):
 garbage-first heap   total 65536K, used 33287K [0x00000000c1800000, 0x0000000100000000)
  region size 1024K, 25 young (25600K), 3 survivors (3072K)
 Metaspace       used 21292K, committed 21504K, reserved 1114112K
  class space    used 2154K, committed 2240K, reserved 1048576K
}
Event: 4.385 GC heap after
{Heap after GC invocations=4 (full 0):
 garbage-first heap   total 65536K, used 18796K [0x00000000c1800000, 0x0000000100000000)
  region size 1024K, 4 young (4096K), 4 survivors (4096K)
 Metaspace       used 21292K, committed 21504K, reserved 1114112K
  class space    used 2154K, committed 2240K, reserved 1048576K
}
Event: 11.221 GC heap before
{Heap before GC invocations=5 (full 0):
 garbage-first heap   total 65536K, used 37228K [0x00000000c1800000, 0x0000000100000000)
  region size 1024K, 23 young (23552K), 4 survivors (4096K)
 Metaspace       used 26807K, committed 27136K, reserved 1114112K
  class space    used 2916K, committed 3072K, reserved 1048576K
}
Event: 11.233 GC heap after
{Heap after GC invocations=6 (full 0):
 garbage-first heap   total 65536K, used 20847K [0x00000000c1800000, 0x0000000100000000)
  region size 1024K, 2 young (2048K), 2 survivors (2048K)
 Metaspace       used 26807K, committed 27136K, reserved 1114112K
  class space    used 2916K, committed 3072K, reserved 1048576K
}
Event: 11.561 GC heap before
{Heap before GC invocations=6 (full 0):
 garbage-first heap   total 65536K, used 21871K [0x00000000c1800000, 0x0000000100000000)
  region size 1024K, 3 young (3072K), 2 survivors (2048K)
 Metaspace       used 26976K, committed 27264K, reserved 1114112K
  class space    used 2947K, committed 3072K, reserved 1048576K
}
Event: 11.563 GC heap after
{Heap after GC invocations=7 (full 0):
 garbage-first heap   total 65536K, used 20877K [0x00000000c1800000, 0x0000000100000000)
  region size 1024K, 1 young (1024K), 1 survivors (1024K)
 Metaspace       used 26976K, committed 27264K, reserved 1114112K
  class space    used 2947K, committed 3072K, reserved 1048576K
}

