<?xml version="1.0" encoding="UTF-8"?>
<!-- Generated by org.testng.reporters.JUnitXMLReporter -->
<testsuite ignored="1" hostname="DESKTOP-PP7J1KR" failures="0" tests="1" name="Default test" time="25.458" errors="0" timestamp="2024-02-10T02:19:22 IST">
  <testcase classname="com.mystore.testcases.TC_MyAccountPageTest" name="verifyLogin" time="9.058"/>
  <testcase classname="com.mystore.testcases.TC_MyAccountPageTest" name="verifyRegistationAndLogin" time="0.0">
    <ignored/>
  </testcase> <!-- verifyRegistationAndLogin -->
</testsuite> <!-- Default test -->
