<?xml version="1.0" encoding="UTF-8"?>
<!-- Generated by org.testng.reporters.JUnitXMLReporter -->
<testsuite ignored="3" hostname="DESKTOP-PP7J1KR" failures="0" tests="4" name="Test" time="133.05" errors="0" timestamp="2024-02-10T02:24:12 IST">
  <testcase classname="com.mystore.testcases.TC_MyAccountPageTestDataDrivenTesting" name="verifyLogin" time="5.134"/>
  <testcase classname="com.mystore.testcases.TC_BuyProduct" name="buyProduct" time="34.009"/>
  <testcase classname="com.mystore.testcases.TC_ProductPageTest" name="enterSearchproduct" time="22.003"/>
  <testcase classname="com.mystore.testcases.TC_MyAccountPageTest" name="verifyLogin" time="12.81"/>
  <testcase classname="com.mystore.testcases.TC_MyAccountPageTest" name="verifyRegistationAndLogin" time="0.0">
    <ignored/>
  </testcase> <!-- verifyRegistationAndLogin -->
  <testcase classname="com.mystore.testcases.TC_ProductPageTest" name="verifyLogin" time="0.0">
    <ignored/>
  </testcase> <!-- verifyLogin -->
  <testcase classname="com.mystore.testcases.TC_MyAccountPageTestDataDrivenTesting" name="verifyRegistationAndLogin" time="0.0">
    <ignored/>
  </testcase> <!-- verifyRegistationAndLogin -->
</testsuite> <!-- Test -->
