<?xml version="1.0" encoding="UTF-8"?>
<testsuite xmlns:xsi="http://www.w3.org/2001/XMLSchema-instance" xsi:noNamespaceSchemaLocation="https://maven.apache.org/surefire/maven-surefire-plugin/xsd/surefire-test-report-3.0.xsd" version="3.0" name="TestSuite" time="91.518" tests="2" errors="0" skipped="0" failures="0">
  <properties>
[...]
</properties>
  <testcase name="verifyLogin[bholepratiksha24@gmail.com, Shreeganesha@1, Logged in as Pratiksha Bhole](1)" classname="com.mystore.testcases.TC_MyAccountPageTestDataDrivenTesting" time="7.413">
    <system-out><![CDATA[On Start method invoked....
[INFO ] 2024-02-10 03:00:06.170 [main] SeleniumFramework - Url opened
[DEBUG] 2024-02-10 03:00:06.667 [main] PackageRelationshipCollection - Parsing relationship: /xl/_rels/workbook.xml.rels
[DEBUG] 2024-02-10 03:00:06.684 [main] PackageRelationshipCollection - Parsing relationship: /xl/worksheets/_rels/sheet1.xml.rels
[DEBUG] 2024-02-10 03:00:06.696 [main] PackageRelationshipCollection - Parsing relationship: /xl/worksheets/_rels/sheet2.xml.rels
[DEBUG] 2024-02-10 03:00:06.719 [main] PackageRelationshipCollection - Parsing relationship: /_rels/.rels
[DEBUG] 2024-02-10 03:00:08.735 [main] POIXMLFactory - using default POIXMLDocumentPart for http://schemas.openxmlformats.org/officeDocument/2006/relationships/printerSettings
[DEBUG] 2024-02-10 03:00:08.736 [main] POIXMLFactory - using default POIXMLDocumentPart for http://schemas.openxmlformats.org/officeDocument/2006/relationships/printerSettings
[DEBUG] 2024-02-10 03:00:09.049 [main] PackageRelationshipCollection - Parsing relationship: /xl/_rels/workbook.xml.rels
[DEBUG] 2024-02-10 03:00:09.051 [main] PackageRelationshipCollection - Parsing relationship: /xl/worksheets/_rels/sheet1.xml.rels
[DEBUG] 2024-02-10 03:00:09.052 [main] PackageRelationshipCollection - Parsing relationship: /xl/worksheets/_rels/sheet2.xml.rels
[DEBUG] 2024-02-10 03:00:09.058 [main] PackageRelationshipCollection - Parsing relationship: /_rels/.rels
[DEBUG] 2024-02-10 03:00:09.107 [main] POIXMLFactory - using default POIXMLDocumentPart for http://schemas.openxmlformats.org/officeDocument/2006/relationships/printerSettings
[DEBUG] 2024-02-10 03:00:09.108 [main] POIXMLFactory - using default POIXMLDocumentPart for http://schemas.openxmlformats.org/officeDocument/2006/relationships/printerSettings
[DEBUG] 2024-02-10 03:00:09.152 [main] PackageRelationshipCollection - Parsing relationship: /xl/_rels/workbook.xml.rels
[DEBUG] 2024-02-10 03:00:09.156 [main] PackageRelationshipCollection - Parsing relationship: /xl/worksheets/_rels/sheet1.xml.rels
[DEBUG] 2024-02-10 03:00:09.157 [main] PackageRelationshipCollection - Parsing relationship: /xl/worksheets/_rels/sheet2.xml.rels
[DEBUG] 2024-02-10 03:00:09.160 [main] PackageRelationshipCollection - Parsing relationship: /_rels/.rels
[DEBUG] 2024-02-10 03:00:09.202 [main] POIXMLFactory - using default POIXMLDocumentPart for http://schemas.openxmlformats.org/officeDocument/2006/relationships/printerSettings
[DEBUG] 2024-02-10 03:00:09.203 [main] POIXMLFactory - using default POIXMLDocumentPart for http://schemas.openxmlformats.org/officeDocument/2006/relationships/printerSettings
[DEBUG] 2024-02-10 03:00:09.267 [main] PackageRelationshipCollection - Parsing relationship: /xl/_rels/workbook.xml.rels
[DEBUG] 2024-02-10 03:00:09.269 [main] PackageRelationshipCollection - Parsing relationship: /xl/worksheets/_rels/sheet1.xml.rels
[DEBUG] 2024-02-10 03:00:09.270 [main] PackageRelationshipCollection - Parsing relationship: /xl/worksheets/_rels/sheet2.xml.rels
[DEBUG] 2024-02-10 03:00:09.277 [main] PackageRelationshipCollection - Parsing relationship: /_rels/.rels
[DEBUG] 2024-02-10 03:00:09.311 [main] POIXMLFactory - using default POIXMLDocumentPart for http://schemas.openxmlformats.org/officeDocument/2006/relationships/printerSettings
[DEBUG] 2024-02-10 03:00:09.312 [main] POIXMLFactory - using default POIXMLDocumentPart for http://schemas.openxmlformats.org/officeDocument/2006/relationships/printerSettings
[DEBUG] 2024-02-10 03:00:09.366 [main] PackageRelationshipCollection - Parsing relationship: /xl/_rels/workbook.xml.rels
[DEBUG] 2024-02-10 03:00:09.368 [main] PackageRelationshipCollection - Parsing relationship: /xl/worksheets/_rels/sheet1.xml.rels
[DEBUG] 2024-02-10 03:00:09.369 [main] PackageRelationshipCollection - Parsing relationship: /xl/worksheets/_rels/sheet2.xml.rels
[DEBUG] 2024-02-10 03:00:09.375 [main] PackageRelationshipCollection - Parsing relationship: /_rels/.rels
[DEBUG] 2024-02-10 03:00:09.484 [main] POIXMLFactory - using default POIXMLDocumentPart for http://schemas.openxmlformats.org/officeDocument/2006/relationships/printerSettings
[DEBUG] 2024-02-10 03:00:09.484 [main] POIXMLFactory - using default POIXMLDocumentPart for http://schemas.openxmlformats.org/officeDocument/2006/relationships/printerSettings
Name of test method started:verifyLogin
[INFO ] 2024-02-10 03:00:10.963 [main] SeleniumFramework - Entered registered user email
[INFO ] 2024-02-10 03:00:11.127 [main] SeleniumFramework - Entered registered user password
[INFO ] 2024-02-10 03:00:16.677 [main] SeleniumFramework - Clicked on signin button
Name of test method sucessfully executed:verifyLogin
]]></system-out>
    <system-err><![CDATA[[main] INFO io.github.bonigarcia.wdm.WebDriverManager - Using chromedriver 121.0.6167.85 (resolved driver for Chrome 121)
[main] INFO io.github.bonigarcia.wdm.WebDriverManager - Exporting webdriver.chrome.driver as C:\Windows\system32\config\systemprofile\.cache\selenium\chromedriver\win64\121.0.6167.85\chromedriver.exe
Feb 10, 2024 3:00:00 AM org.openqa.selenium.devtools.CdpVersionFinder findNearestMatch
WARNING: Unable to find CDP implementation matching 121
Feb 10, 2024 3:00:00 AM org.openqa.selenium.chromium.ChromiumDriver lambda$new$5
WARNING: Unable to find version of CDP to use for 121.0.6167.161. You may need to include a dependency on a specific version of the CDP using something similar to `org.seleniumhq.selenium:selenium-devtools-v86:4.17.0` where the version ("v86") matches the version of the chromium-based browser you're using and the version number of the artifact is the same as Selenium's.
]]></system-err>
  </testcase>
  <testcase name="verifyLogin" classname="com.mystore.testcases.TC_MyAccountPageTest" time="5.786">
    <system-out><![CDATA[[INFO ] 2024-02-10 03:00:26.025 [main] SeleniumFramework - Url opened
Name of test method started:buyProduct
[INFO ] 2024-02-10 03:00:26.027 [main] SeleniumFramework - ................Search product test started................
[INFO ] 2024-02-10 03:00:26.176 [main] SeleniumFramework - Entered registered user email
[INFO ] 2024-02-10 03:00:26.276 [main] SeleniumFramework - Entered registered user password
[INFO ] 2024-02-10 03:00:30.307 [main] SeleniumFramework - Clicked on signin button
[INFO ] 2024-02-10 03:00:36.170 [main] SeleniumFramework - Clicked product page
Name of test method failed:buyProduct
[INFO ] 2024-02-10 03:00:46.575 [main] SeleniumFramework - Url opened
Name of test method started:enterSearchproduct
[INFO ] 2024-02-10 03:00:46.576 [main] SeleniumFramework - ................Search product test started................
[INFO ] 2024-02-10 03:00:46.725 [main] SeleniumFramework - Entered registered user email
[INFO ] 2024-02-10 03:00:46.840 [main] SeleniumFramework - Entered registered user password
[INFO ] 2024-02-10 03:00:51.386 [main] SeleniumFramework - Clicked on signin button
[INFO ] 2024-02-10 03:00:56.535 [main] SeleniumFramework - Clicked product page
Name of test method failed:enterSearchproduct
[INFO ] 2024-02-10 03:01:10.617 [main] SeleniumFramework - Url opened
Name of test method started:verifyLogin
[INFO ] 2024-02-10 03:01:10.993 [main] SeleniumFramework - Entered registered user email
[INFO ] 2024-02-10 03:01:11.255 [main] SeleniumFramework - Entered registered user password
[INFO ] 2024-02-10 03:01:16.254 [main] SeleniumFramework - Clicked on signin button
[INFO ] 2024-02-10 03:01:16.363 [main] SeleniumFramework - Clicked on Products tab
Name of test method sucessfully executed:verifyLogin
]]></system-out>
    <system-err><![CDATA[[main] INFO io.github.bonigarcia.wdm.WebDriverManager - Using chromedriver 121.0.6167.85 (resolved driver for Chrome 121)
[main] INFO io.github.bonigarcia.wdm.WebDriverManager - Exporting webdriver.chrome.driver as C:\Windows\system32\config\systemprofile\.cache\selenium\chromedriver\win64\121.0.6167.85\chromedriver.exe
Feb 10, 2024 3:00:20 AM org.openqa.selenium.devtools.CdpVersionFinder findNearestMatch
WARNING: Unable to find CDP implementation matching 121
Feb 10, 2024 3:00:20 AM org.openqa.selenium.chromium.ChromiumDriver lambda$new$5
WARNING: Unable to find version of CDP to use for 121.0.6167.161. You may need to include a dependency on a specific version of the CDP using something similar to `org.seleniumhq.selenium:selenium-devtools-v86:4.17.0` where the version ("v86") matches the version of the chromium-based browser you're using and the version number of the artifact is the same as Selenium's.
[main] INFO io.github.bonigarcia.wdm.WebDriverManager - Using chromedriver 121.0.6167.85 (resolved driver for Chrome 121)
[main] INFO io.github.bonigarcia.wdm.WebDriverManager - Exporting webdriver.chrome.driver as C:\Windows\system32\config\systemprofile\.cache\selenium\chromedriver\win64\121.0.6167.85\chromedriver.exe
Feb 10, 2024 3:00:41 AM org.openqa.selenium.devtools.CdpVersionFinder findNearestMatch
WARNING: Unable to find CDP implementation matching 121
Feb 10, 2024 3:00:41 AM org.openqa.selenium.chromium.ChromiumDriver lambda$new$5
WARNING: Unable to find version of CDP to use for 121.0.6167.161. You may need to include a dependency on a specific version of the CDP using something similar to `org.seleniumhq.selenium:selenium-devtools-v86:4.17.0` where the version ("v86") matches the version of the chromium-based browser you're using and the version number of the artifact is the same as Selenium's.
[main] INFO io.github.bonigarcia.wdm.WebDriverManager - Using chromedriver 121.0.6167.85 (resolved driver for Chrome 121)
[main] INFO io.github.bonigarcia.wdm.WebDriverManager - Exporting webdriver.chrome.driver as C:\Windows\system32\config\systemprofile\.cache\selenium\chromedriver\win64\121.0.6167.85\chromedriver.exe
Feb 10, 2024 3:01:03 AM org.openqa.selenium.devtools.CdpVersionFinder findNearestMatch
WARNING: Unable to find CDP implementation matching 121
Feb 10, 2024 3:01:03 AM org.openqa.selenium.chromium.ChromiumDriver lambda$new$5
WARNING: Unable to find version of CDP to use for 121.0.6167.161. You may need to include a dependency on a specific version of the CDP using something similar to `org.seleniumhq.selenium:selenium-devtools-v86:4.17.0` where the version ("v86") matches the version of the chromium-based browser you're using and the version number of the artifact is the same as Selenium's.
]]></system-err>
  </testcase>
</testsuite>