<?xml version="1.0" encoding="UTF-8"?>
<testng-results ignored="0" total="4" passed="4" failed="0" skipped="0">
  <reporter-output>
  </reporter-output>
  <suite started-at="2024-02-10T02:21:56 IST" name="Suite" finished-at="2024-02-10T02:24:09 IST" duration-ms="133050">
    <groups>
    </groups>
    <test started-at="2024-02-10T02:21:56 IST" name="Test" finished-at="2024-02-10T02:24:09 IST" duration-ms="133050">
      <class name="com.mystore.testcases.TC_ProductPageTest">
        <test-method is-config="true" signature="Setup()[pri:0, instance:com.mystore.testcases.TC_ProductPageTest@30f842ca]" started-at="2024-02-10T02:23:11 IST" name="Setup" finished-at="2024-02-10T02:23:20 IST" duration-ms="9133" status="PASS">
          <reporter-output>
          </reporter-output>
        </test-method> <!-- Setup -->
        <test-method signature="enterSearchproduct()[pri:1, instance:com.mystore.testcases.TC_ProductPageTest@30f842ca]" started-at="2024-02-10T02:23:20 IST" name="enterSearchproduct" finished-at="2024-02-10T02:23:42 IST" duration-ms="22003" status="PASS">
          <reporter-output>
          </reporter-output>
        </test-method> <!-- enterSearchproduct -->
      </class> <!-- com.mystore.testcases.TC_ProductPageTest -->
      <class name="com.mystore.testcases.TC_BuyProduct">
        <test-method is-config="true" signature="Setup()[pri:0, instance:com.mystore.testcases.TC_BuyProduct@dc7df28]" started-at="2024-02-10T02:22:29 IST" name="Setup" finished-at="2024-02-10T02:22:37 IST" duration-ms="8011" status="PASS">
          <reporter-output>
          </reporter-output>
        </test-method> <!-- Setup -->
        <test-method signature="buyProduct()[pri:0, instance:com.mystore.testcases.TC_BuyProduct@dc7df28]" started-at="2024-02-10T02:22:37 IST" name="buyProduct" finished-at="2024-02-10T02:23:11 IST" duration-ms="34009" status="PASS">
          <reporter-output>
          </reporter-output>
        </test-method> <!-- buyProduct -->
      </class> <!-- com.mystore.testcases.TC_BuyProduct -->
      <class name="com.mystore.testcases.TC_MyAccountPageTestDataDrivenTesting">
        <test-method is-config="true" signature="Setup()[pri:0, instance:com.mystore.testcases.TC_MyAccountPageTestDataDrivenTesting@15888343]" started-at="2024-02-10T02:21:57 IST" name="Setup" finished-at="2024-02-10T02:22:20 IST" duration-ms="22905" status="PASS">
          <reporter-output>
          </reporter-output>
        </test-method> <!-- Setup -->
        <test-method signature="verifyLogin(java.lang.String,java.lang.String,java.lang.String)[pri:0, instance:com.mystore.testcases.TC_MyAccountPageTestDataDrivenTesting@15888343]" started-at="2024-02-10T02:22:24 IST" name="verifyLogin" data-provider="LoginDataProvider" finished-at="2024-02-10T02:22:29 IST" duration-ms="5134" status="PASS">
          <params>
            <param index="0">
              <value>
                <![CDATA[bholepratiksha24@gmail.com]]>
              </value>
            </param>
            <param index="1">
              <value>
                <![CDATA[Shreeganesha@1]]>
              </value>
            </param>
            <param index="2">
              <value>
                <![CDATA[Logged in as Pratiksha Bhole]]>
              </value>
            </param>
          </params>
          <reporter-output>
          </reporter-output>
        </test-method> <!-- verifyLogin -->
      </class> <!-- com.mystore.testcases.TC_MyAccountPageTestDataDrivenTesting -->
      <class name="com.mystore.testcases.TC_MyAccountPageTest">
        <test-method is-config="true" signature="Setup()[pri:0, instance:com.mystore.testcases.TC_MyAccountPageTest@69c81773]" started-at="2024-02-10T02:23:42 IST" name="Setup" finished-at="2024-02-10T02:23:57 IST" duration-ms="14590" status="PASS">
          <reporter-output>
          </reporter-output>
        </test-method> <!-- Setup -->
        <test-method signature="verifyLogin()[pri:2, instance:com.mystore.testcases.TC_MyAccountPageTest@69c81773]" started-at="2024-02-10T02:23:57 IST" name="verifyLogin" finished-at="2024-02-10T02:24:09 IST" duration-ms="12810" status="PASS">
          <reporter-output>
          </reporter-output>
        </test-method> <!-- verifyLogin -->
      </class> <!-- com.mystore.testcases.TC_MyAccountPageTest -->
    </test> <!-- Test -->
  </suite> <!-- Suite -->
</testng-results>
